<?xml version="1.0" encoding="UTF-8"?>
<!-- Generated by org.testng.reporters.JUnitReportReporter -->
<testsuite hostname="DESKTOP-69UEU7E" failures="0" tests="1" name="TestClasses.VerifyUserCanLogin" time="24.101" errors="0" timestamp="2022-07-28T00:58:12 IST" skipped="0">
  <testcase classname="TestClasses.VerifyUserCanLogin" name="VerifyUserCanLogIn" time="24.101"/>
  <system-out/>
</testsuite> <!-- TestClasses.VerifyUserCanLogin -->
