<?xml version="1.0" encoding="UTF-8"?>
<!-- Generated by org.testng.reporters.JUnitReportReporter -->
<testsuite hostname="DESKTOP-69UEU7E" failures="0" tests="2" name="TestClasses.VerifyAccountInfo" time="17.710" errors="0" timestamp="2022-07-28T00:58:12 IST" skipped="0">
  <testcase classname="TestClasses.VerifyAccountInfo" name="VerifyUserAccountInfo" time="4.562"/>
  <system-out/>
  <testcase classname="TestClasses.VerifyAccountInfo" name="verifyusercanAddAddress" time="13.148"/>
  <system-out/>
</testsuite> <!-- TestClasses.VerifyAccountInfo -->
